# vsim -c top_tb -wlf vsim.wlf -solvefaildebug -assertdebug -sva -coverage -voptargs="+acc=rnb" -l ./log/vsim.log -do "coverage save -onexit -assert -code bcefs -directive -cvg coverage.ucdb; add wave -r /top_tb/*; run -all; quit" 
# Start time: 23:46:07 on Aug 28,2025
# ** Note: (vsim-3812) Design is being optimized...
# //  Questa Sim-64
# //  Version 10.7c linux_x86_64 Aug 17 2018
# //
# //  Copyright 1991-2018 Mentor Graphics Corporation
# //  All Rights Reserved.
# //
# //  QuestaSim and its associated documentation contain trade
# //  secrets and commercial or financial information that are the property of
# //  Mentor Graphics Corporation and are privileged, confidential,
# //  and exempt from disclosure under the Freedom of Information Act,
# //  5 U.S.C. Section 552. Furthermore, this information
# //  is prohibited from disclosure under the Trade Secrets Act,
# //  18 U.S.C. Section 1905.
# //
# Loading sv_std.std
# Loading work.top_tb(fast)
# Loading work.top(fast)
# Loading work.riscv_single(fast)
# Loading work.controller(fast)
# Loading work.maindec(fast)
# Loading work.aludec(fast)
# Loading work.datapath(fast)
# Loading work.regfile(fast)
# Loading work.extend(fast)
# Loading work.alu(fast)
# Loading work.branch(fast)
# Loading work.imem(fast)
# Loading work.dmem(fast)
# ** Warning: (vsim-3015) [PCDPC] - Port size (1) does not match connection size (32) for port 'branch'. The port definition is at: ../../hdl/branch.v(5).
#    Time: 0 ns  Iteration: 0  Instance: /top_tb/dut/riscv_single/datapath/branch File: ../../hdl/datapath.v Line: 63
# coverage save -onexit -assert -code bcefs -directive -cvg coverage.ucdb
#  add wave -r /top_tb/*
#  run -all
# ** Note: $finish    : ../tb/top_tb.v(27)
#    Time: 110 ns  Iteration: 0  Instance: /top_tb
# Saving coverage database on exit...
# End time: 23:46:08 on Aug 28,2025, Elapsed time: 0:00:01
# Errors: 0, Warnings: 1
